<?xml version="1.0" encoding="UTF-8"?>
<testng-results ignored="0" total="2" passed="1" failed="1" skipped="0">
  <reporter-output>
  </reporter-output>
  <suite started-at="2022-07-25T13:34:36 IST" name="Default suite" finished-at="2022-07-25T13:34:51 IST" duration-ms="14816">
    <groups>
    </groups>
    <test started-at="2022-07-25T13:34:36 IST" name="Default test" finished-at="2022-07-25T13:34:51 IST" duration-ms="14816">
      <class name="Mobile.SignUp">
        <test-method signature="SignUp1(java.lang.String,java.lang.String,java.lang.String,java.lang.String,java.lang.String,java.lang.String,java.lang.String)[pri:0, instance:Mobile.SignUp@15eb5ee5]" started-at="2022-07-25T13:34:36 IST" name="SignUp1" data-provider="Drugs" finished-at="2022-07-25T13:34:47 IST" duration-ms="10393" status="PASS">
          <params>
            <param index="0">
              <value>
                <![CDATA[Sri]]>
              </value>
            </param>
            <param index="1">
              <value>
                <![CDATA[Hari]]>
              </value>
            </param>
            <param index="2">
              <value>
                <![CDATA[hari@gmail.com]]>
              </value>
            </param>
            <param index="3">
              <value>
                <![CDATA[pass@1234]]>
              </value>
            </param>
            <param index="4">
              <value>
                <![CDATA[13/07/2022]]>
              </value>
            </param>
            <param index="5">
              <value>
                <![CDATA[1234567890]]>
              </value>
            </param>
            <param index="6">
              <value>
                <![CDATA[Proud Tester]]>
              </value>
            </param>
          </params>
          <reporter-output>
          </reporter-output>
        </test-method> <!-- SignUp1 -->
        <test-method signature="SignUp1(java.lang.String,java.lang.String,java.lang.String,java.lang.String,java.lang.String,java.lang.String,java.lang.String)[pri:0, instance:Mobile.SignUp@15eb5ee5]" started-at="2022-07-25T13:34:47 IST" name="SignUp1" data-provider="Drugs" finished-at="2022-07-25T13:34:51 IST" duration-ms="4339" status="FAIL">
          <params>
            <param index="0">
              <value>
                <![CDATA[@#$]]>
              </value>
            </param>
            <param index="1">
              <value>
                <![CDATA[2345]]>
              </value>
            </param>
            <param index="2">
              <value>
                <![CDATA[harigmail.com]]>
              </value>
            </param>
            <param index="3">
              <value>
                <![CDATA[@#$%]]>
              </value>
            </param>
            <param index="4">
              <value>
                <![CDATA[!@#$%^&]]>
              </value>
            </param>
            <param index="5">
              <value>
                <![CDATA[sdfghj]]>
              </value>
            </param>
            <param index="6">
              <value>
                <![CDATA[Proud Tester]]>
              </value>
            </param>
          </params>
          <exception class="org.openqa.selenium.NoAlertPresentException">
            <message>
              <![CDATA[no such alert
  (Session info: chrome=103.0.5060.134)
Build info: version: '4.3.0', revision: 'a4995e2c09*'
System info: host: 'QT-INBG-LT0232', ip: '10.20.50.31', os.name: 'Windows 10', os.arch: 'amd64', os.version: '10.0', java.version: '18.0.1.1'
Driver info: org.openqa.selenium.chrome.ChromeDriver
Command: [5768e091d83b90f1c67bc684a8da42c7, getAlertText {}]
Capabilities {acceptInsecureCerts: false, browserName: chrome, browserVersion: 103.0.5060.134, chrome: {chromedriverVersion: 103.0.5060.53 (a1711811edd7..., userDataDir: C:\Users\srihari.s\AppData\...}, goog:chromeOptions: {debuggerAddress: localhost:52283}, networkConnectionEnabled: false, pageLoadStrategy: normal, platformName: WINDOWS, proxy: Proxy(), se:cdp: ws://localhost:52283/devtoo..., se:cdpVersion: 103.0.5060.134, setWindowRect: true, strictFileInteractability: false, timeouts: {implicit: 0, pageLoad: 300000, script: 30000}, unhandledPromptBehavior: dismiss and notify, webauthn:extension:credBlob: true, webauthn:extension:largeBlob: true, webauthn:virtualAuthenticators: true}
Session ID: 5768e091d83b90f1c67bc684a8da42c7]]>
            </message>
            <full-stacktrace>
              <![CDATA[org.openqa.selenium.NoAlertPresentException: no such alert
  (Session info: chrome=103.0.5060.134)
Build info: version: '4.3.0', revision: 'a4995e2c09*'
System info: host: 'QT-INBG-LT0232', ip: '10.20.50.31', os.name: 'Windows 10', os.arch: 'amd64', os.version: '10.0', java.version: '18.0.1.1'
Driver info: org.openqa.selenium.chrome.ChromeDriver
Command: [5768e091d83b90f1c67bc684a8da42c7, getAlertText {}]
Capabilities {acceptInsecureCerts: false, browserName: chrome, browserVersion: 103.0.5060.134, chrome: {chromedriverVersion: 103.0.5060.53 (a1711811edd7..., userDataDir: C:\Users\srihari.s\AppData\...}, goog:chromeOptions: {debuggerAddress: localhost:52283}, networkConnectionEnabled: false, pageLoadStrategy: normal, platformName: WINDOWS, proxy: Proxy(), se:cdp: ws://localhost:52283/devtoo..., se:cdpVersion: 103.0.5060.134, setWindowRect: true, strictFileInteractability: false, timeouts: {implicit: 0, pageLoad: 300000, script: 30000}, unhandledPromptBehavior: dismiss and notify, webauthn:extension:credBlob: true, webauthn:extension:largeBlob: true, webauthn:virtualAuthenticators: true}
Session ID: 5768e091d83b90f1c67bc684a8da42c7
at java.base/jdk.internal.reflect.DirectConstructorHandleAccessor.newInstance(DirectConstructorHandleAccessor.java:67)
at java.base/java.lang.reflect.Constructor.newInstanceWithCaller(Constructor.java:499)
at java.base/java.lang.reflect.Constructor.newInstance(Constructor.java:483)
at org.openqa.selenium.remote.codec.w3c.W3CHttpResponseCodec.createException(W3CHttpResponseCodec.java:200)
at org.openqa.selenium.remote.codec.w3c.W3CHttpResponseCodec.decode(W3CHttpResponseCodec.java:133)
at org.openqa.selenium.remote.codec.w3c.W3CHttpResponseCodec.decode(W3CHttpResponseCodec.java:53)
at org.openqa.selenium.remote.HttpCommandExecutor.execute(HttpCommandExecutor.java:184)
at org.openqa.selenium.remote.service.DriverCommandExecutor.invokeExecute(DriverCommandExecutor.java:167)
at org.openqa.selenium.remote.service.DriverCommandExecutor.execute(DriverCommandExecutor.java:142)
at org.openqa.selenium.remote.RemoteWebDriver.execute(RemoteWebDriver.java:569)
at org.openqa.selenium.remote.RemoteWebDriver.execute(RemoteWebDriver.java:624)
at org.openqa.selenium.remote.RemoteWebDriver.execute(RemoteWebDriver.java:628)
at org.openqa.selenium.remote.RemoteWebDriver$RemoteTargetLocator.alert(RemoteWebDriver.java:1153)
at Mobile.SignUp.SignUp1(SignUp.java:28)
at java.base/jdk.internal.reflect.DirectMethodHandleAccessor.invoke(DirectMethodHandleAccessor.java:104)
at java.base/java.lang.reflect.Method.invoke(Method.java:577)
at org.testng.internal.MethodInvocationHelper.invokeMethod(MethodInvocationHelper.java:133)
at org.testng.internal.TestInvoker.invokeMethod(TestInvoker.java:598)
at org.testng.internal.TestInvoker.invokeTestMethod(TestInvoker.java:173)
at org.testng.internal.MethodRunner.runInSequence(MethodRunner.java:46)
at org.testng.internal.TestInvoker$MethodInvocationAgent.invoke(TestInvoker.java:824)
at org.testng.internal.TestInvoker.invokeTestMethods(TestInvoker.java:146)
at org.testng.internal.TestMethodWorker.invokeTestMethods(TestMethodWorker.java:146)
at org.testng.internal.TestMethodWorker.run(TestMethodWorker.java:128)
at java.base/java.util.ArrayList.forEach(ArrayList.java:1511)
at org.testng.TestRunner.privateRun(TestRunner.java:794)
at org.testng.TestRunner.run(TestRunner.java:596)
at org.testng.SuiteRunner.runTest(SuiteRunner.java:377)
at org.testng.SuiteRunner.runSequentially(SuiteRunner.java:371)
at org.testng.SuiteRunner.privateRun(SuiteRunner.java:332)
at org.testng.SuiteRunner.run(SuiteRunner.java:276)
at org.testng.SuiteRunnerWorker.runSuite(SuiteRunnerWorker.java:53)
at org.testng.SuiteRunnerWorker.run(SuiteRunnerWorker.java:96)
at org.testng.TestNG.runSuitesSequentially(TestNG.java:1212)
at org.testng.TestNG.runSuitesLocally(TestNG.java:1134)
at org.testng.TestNG.runSuites(TestNG.java:1063)
at org.testng.TestNG.run(TestNG.java:1031)
at org.testng.remote.AbstractRemoteTestNG.run(AbstractRemoteTestNG.java:115)
at org.testng.remote.RemoteTestNG.initAndRun(RemoteTestNG.java:251)
at org.testng.remote.RemoteTestNG.main(RemoteTestNG.java:77)
]]>
            </full-stacktrace>
          </exception> <!-- org.openqa.selenium.NoAlertPresentException -->
          <reporter-output>
          </reporter-output>
        </test-method> <!-- SignUp1 -->
      </class> <!-- Mobile.SignUp -->
    </test> <!-- Default test -->
  </suite> <!-- Default suite -->
</testng-results>
